[2025-04-29T17:23:31.744-0400] {processor.py:153} INFO - Started process (PID=32349) to work on /Users/zihaomo/pipeline/airflow_home/dags/browser_scrape_ingest_dag.py
[2025-04-29T17:23:31.758-0400] {processor.py:743} INFO - Processing file /Users/zihaomo/pipeline/airflow_home/dags/browser_scrape_ingest_dag.py for tasks to queue
[2025-04-29T17:23:31.758-0400] {logging_mixin.py:137} INFO - [2025-04-29T17:23:31.758-0400] {dagbag.py:538} INFO - Filling up the DagBag from /Users/zihaomo/pipeline/airflow_home/dags/browser_scrape_ingest_dag.py
[2025-04-29T17:23:31.787-0400] {logging_mixin.py:137} INFO - [2025-04-29T17:23:31.780-0400] {dagbag.py:343} ERROR - Failed to import: /Users/zihaomo/pipeline/airflow_home/dags/browser_scrape_ingest_dag.py
Traceback (most recent call last):
  File "/Users/zihaomo/pipeline/.venv/lib/python3.11/site-packages/airflow/models/dagbag.py", line 339, in parse
    loader.exec_module(new_module)
  File "<frozen importlib._bootstrap_external>", line 940, in exec_module
  File "<frozen importlib._bootstrap>", line 241, in _call_with_frames_removed
  File "/Users/zihaomo/pipeline/airflow_home/dags/browser_scrape_ingest_dag.py", line 4, in <module>
    from src.ingest.browseruse_scraper import ingest_browseruse
ModuleNotFoundError: No module named 'src'
[2025-04-29T17:23:31.787-0400] {processor.py:755} WARNING - No viable dags retrieved from /Users/zihaomo/pipeline/airflow_home/dags/browser_scrape_ingest_dag.py
[2025-04-29T17:23:32.163-0400] {processor.py:175} INFO - Processing /Users/zihaomo/pipeline/airflow_home/dags/browser_scrape_ingest_dag.py took 0.419 seconds
[2025-04-29T17:23:58.400-0400] {processor.py:153} INFO - Started process (PID=32435) to work on /Users/zihaomo/pipeline/airflow_home/dags/browser_scrape_ingest_dag.py
[2025-04-29T17:23:58.417-0400] {processor.py:743} INFO - Processing file /Users/zihaomo/pipeline/airflow_home/dags/browser_scrape_ingest_dag.py for tasks to queue
[2025-04-29T17:23:58.417-0400] {logging_mixin.py:137} INFO - [2025-04-29T17:23:58.417-0400] {dagbag.py:538} INFO - Filling up the DagBag from /Users/zihaomo/pipeline/airflow_home/dags/browser_scrape_ingest_dag.py
[2025-04-29T17:23:58.433-0400] {logging_mixin.py:137} INFO - [2025-04-29T17:23:58.432-0400] {dagbag.py:343} ERROR - Failed to import: /Users/zihaomo/pipeline/airflow_home/dags/browser_scrape_ingest_dag.py
Traceback (most recent call last):
  File "/Users/zihaomo/pipeline/.venv/lib/python3.11/site-packages/airflow/models/dagbag.py", line 339, in parse
    loader.exec_module(new_module)
  File "<frozen importlib._bootstrap_external>", line 940, in exec_module
  File "<frozen importlib._bootstrap>", line 241, in _call_with_frames_removed
  File "/Users/zihaomo/pipeline/airflow_home/dags/browser_scrape_ingest_dag.py", line 4, in <module>
    from src.ingest.browseruse_scraper import ingest_browseruse
ModuleNotFoundError: No module named 'src'
[2025-04-29T17:23:58.433-0400] {processor.py:755} WARNING - No viable dags retrieved from /Users/zihaomo/pipeline/airflow_home/dags/browser_scrape_ingest_dag.py
[2025-04-29T17:23:58.773-0400] {processor.py:175} INFO - Processing /Users/zihaomo/pipeline/airflow_home/dags/browser_scrape_ingest_dag.py took 0.373 seconds
[2025-04-29T17:46:19.990-0400] {processor.py:153} INFO - Started process (PID=36423) to work on /Users/zihaomo/pipeline/airflow_home/dags/browser_scrape_ingest_dag.py
[2025-04-29T17:46:20.008-0400] {processor.py:743} INFO - Processing file /Users/zihaomo/pipeline/airflow_home/dags/browser_scrape_ingest_dag.py for tasks to queue
[2025-04-29T17:46:20.008-0400] {logging_mixin.py:137} INFO - [2025-04-29T17:46:20.008-0400] {dagbag.py:538} INFO - Filling up the DagBag from /Users/zihaomo/pipeline/airflow_home/dags/browser_scrape_ingest_dag.py
[2025-04-29T17:46:21.417-0400] {logging_mixin.py:137} INFO - [2025-04-29T17:46:21.417-0400] {service.py:45} INFO - Anonymized telemetry enabled. See https://docs.browser-use.com/development/telemetry for more information.
[2025-04-29T17:46:21.481-0400] {processor.py:753} INFO - DAG(s) dict_keys(['browser_scrape_ingest_pipeline']) retrieved from /Users/zihaomo/pipeline/airflow_home/dags/browser_scrape_ingest_dag.py
[2025-04-29T17:46:21.798-0400] {logging_mixin.py:137} INFO - [2025-04-29T17:46:21.797-0400] {manager.py:504} INFO - Created Permission View: can delete on DAG:browser_scrape_ingest_pipeline
[2025-04-29T17:46:21.801-0400] {logging_mixin.py:137} INFO - [2025-04-29T17:46:21.801-0400] {manager.py:504} INFO - Created Permission View: can read on DAG:browser_scrape_ingest_pipeline
[2025-04-29T17:46:21.807-0400] {logging_mixin.py:137} INFO - [2025-04-29T17:46:21.807-0400] {manager.py:504} INFO - Created Permission View: can edit on DAG:browser_scrape_ingest_pipeline
[2025-04-29T17:46:21.807-0400] {logging_mixin.py:137} INFO - [2025-04-29T17:46:21.807-0400] {dag.py:2690} INFO - Sync 1 DAGs
[2025-04-29T17:46:21.813-0400] {logging_mixin.py:137} INFO - [2025-04-29T17:46:21.813-0400] {dag.py:2711} INFO - Creating ORM DAG for browser_scrape_ingest_pipeline
[2025-04-29T17:46:21.816-0400] {logging_mixin.py:137} INFO - [2025-04-29T17:46:21.816-0400] {dag.py:3437} INFO - Setting next_dagrun for browser_scrape_ingest_pipeline to 2025-04-28T00:00:00+00:00, run_after=2025-04-29T00:00:00+00:00
[2025-04-29T17:46:21.825-0400] {processor.py:175} INFO - Processing /Users/zihaomo/pipeline/airflow_home/dags/browser_scrape_ingest_dag.py took 1.836 seconds
[2025-04-29T17:46:53.502-0400] {processor.py:153} INFO - Started process (PID=36486) to work on /Users/zihaomo/pipeline/airflow_home/dags/browser_scrape_ingest_dag.py
[2025-04-29T17:46:53.516-0400] {processor.py:743} INFO - Processing file /Users/zihaomo/pipeline/airflow_home/dags/browser_scrape_ingest_dag.py for tasks to queue
[2025-04-29T17:46:53.516-0400] {logging_mixin.py:137} INFO - [2025-04-29T17:46:53.516-0400] {dagbag.py:538} INFO - Filling up the DagBag from /Users/zihaomo/pipeline/airflow_home/dags/browser_scrape_ingest_dag.py
[2025-04-29T17:46:54.411-0400] {logging_mixin.py:137} INFO - [2025-04-29T17:46:54.411-0400] {service.py:45} INFO - Anonymized telemetry enabled. See https://docs.browser-use.com/development/telemetry for more information.
[2025-04-29T17:46:54.473-0400] {processor.py:753} INFO - DAG(s) dict_keys(['browser_scrape_ingest_pipeline']) retrieved from /Users/zihaomo/pipeline/airflow_home/dags/browser_scrape_ingest_dag.py
[2025-04-29T17:46:54.751-0400] {logging_mixin.py:137} INFO - [2025-04-29T17:46:54.751-0400] {dag.py:2690} INFO - Sync 1 DAGs
[2025-04-29T17:46:54.757-0400] {logging_mixin.py:137} INFO - [2025-04-29T17:46:54.757-0400] {dag.py:3437} INFO - Setting next_dagrun for browser_scrape_ingest_pipeline to 2025-04-28T00:00:00+00:00, run_after=2025-04-29T00:00:00+00:00
[2025-04-29T17:46:54.768-0400] {processor.py:175} INFO - Processing /Users/zihaomo/pipeline/airflow_home/dags/browser_scrape_ingest_dag.py took 1.267 seconds
[2025-04-29T17:47:25.824-0400] {processor.py:153} INFO - Started process (PID=36550) to work on /Users/zihaomo/pipeline/airflow_home/dags/browser_scrape_ingest_dag.py
[2025-04-29T17:47:25.838-0400] {processor.py:743} INFO - Processing file /Users/zihaomo/pipeline/airflow_home/dags/browser_scrape_ingest_dag.py for tasks to queue
[2025-04-29T17:47:25.839-0400] {logging_mixin.py:137} INFO - [2025-04-29T17:47:25.839-0400] {dagbag.py:538} INFO - Filling up the DagBag from /Users/zihaomo/pipeline/airflow_home/dags/browser_scrape_ingest_dag.py
[2025-04-29T17:47:26.650-0400] {logging_mixin.py:137} INFO - [2025-04-29T17:47:26.650-0400] {service.py:45} INFO - Anonymized telemetry enabled. See https://docs.browser-use.com/development/telemetry for more information.
[2025-04-29T17:47:26.714-0400] {processor.py:753} INFO - DAG(s) dict_keys(['browser_scrape_ingest_pipeline']) retrieved from /Users/zihaomo/pipeline/airflow_home/dags/browser_scrape_ingest_dag.py
[2025-04-29T17:47:27.023-0400] {logging_mixin.py:137} INFO - [2025-04-29T17:47:27.023-0400] {dag.py:2690} INFO - Sync 1 DAGs
[2025-04-29T17:47:27.029-0400] {logging_mixin.py:137} INFO - [2025-04-29T17:47:27.029-0400] {dag.py:3437} INFO - Setting next_dagrun for browser_scrape_ingest_pipeline to 2025-04-28T00:00:00+00:00, run_after=2025-04-29T00:00:00+00:00
[2025-04-29T17:47:27.039-0400] {processor.py:175} INFO - Processing /Users/zihaomo/pipeline/airflow_home/dags/browser_scrape_ingest_dag.py took 1.216 seconds
[2025-04-29T17:47:57.988-0400] {processor.py:153} INFO - Started process (PID=36617) to work on /Users/zihaomo/pipeline/airflow_home/dags/browser_scrape_ingest_dag.py
[2025-04-29T17:47:58.001-0400] {processor.py:743} INFO - Processing file /Users/zihaomo/pipeline/airflow_home/dags/browser_scrape_ingest_dag.py for tasks to queue
[2025-04-29T17:47:58.001-0400] {logging_mixin.py:137} INFO - [2025-04-29T17:47:58.001-0400] {dagbag.py:538} INFO - Filling up the DagBag from /Users/zihaomo/pipeline/airflow_home/dags/browser_scrape_ingest_dag.py
[2025-04-29T17:47:58.851-0400] {logging_mixin.py:137} INFO - [2025-04-29T17:47:58.851-0400] {service.py:45} INFO - Anonymized telemetry enabled. See https://docs.browser-use.com/development/telemetry for more information.
[2025-04-29T17:47:58.915-0400] {processor.py:753} INFO - DAG(s) dict_keys(['browser_scrape_ingest_pipeline']) retrieved from /Users/zihaomo/pipeline/airflow_home/dags/browser_scrape_ingest_dag.py
[2025-04-29T17:47:59.171-0400] {logging_mixin.py:137} INFO - [2025-04-29T17:47:59.171-0400] {dag.py:2690} INFO - Sync 1 DAGs
[2025-04-29T17:47:59.177-0400] {logging_mixin.py:137} INFO - [2025-04-29T17:47:59.177-0400] {dag.py:3437} INFO - Setting next_dagrun for browser_scrape_ingest_pipeline to 2025-04-28T00:00:00+00:00, run_after=2025-04-29T00:00:00+00:00
[2025-04-29T17:47:59.203-0400] {processor.py:175} INFO - Processing /Users/zihaomo/pipeline/airflow_home/dags/browser_scrape_ingest_dag.py took 1.216 seconds
[2025-04-29T18:24:46.382-0400] {processor.py:153} INFO - Started process (PID=40713) to work on /Users/zihaomo/pipeline/airflow_home/dags/browser_scrape_ingest_dag.py
[2025-04-29T18:24:46.398-0400] {processor.py:743} INFO - Processing file /Users/zihaomo/pipeline/airflow_home/dags/browser_scrape_ingest_dag.py for tasks to queue
[2025-04-29T18:24:46.399-0400] {logging_mixin.py:137} INFO - [2025-04-29T18:24:46.399-0400] {dagbag.py:538} INFO - Filling up the DagBag from /Users/zihaomo/pipeline/airflow_home/dags/browser_scrape_ingest_dag.py
[2025-04-29T18:24:46.416-0400] {logging_mixin.py:137} INFO - [2025-04-29T18:24:46.415-0400] {dagbag.py:343} ERROR - Failed to import: /Users/zihaomo/pipeline/airflow_home/dags/browser_scrape_ingest_dag.py
Traceback (most recent call last):
  File "/Users/zihaomo/pipeline/.venv/lib/python3.11/site-packages/airflow/models/dagbag.py", line 339, in parse
    loader.exec_module(new_module)
  File "<frozen importlib._bootstrap_external>", line 940, in exec_module
  File "<frozen importlib._bootstrap>", line 241, in _call_with_frames_removed
  File "/Users/zihaomo/pipeline/airflow_home/dags/browser_scrape_ingest_dag.py", line 9, in <module>
    from src.ingest.browseruse_scraper import ingest_browseruse
ModuleNotFoundError: No module named 'src'
[2025-04-29T18:24:46.416-0400] {processor.py:755} WARNING - No viable dags retrieved from /Users/zihaomo/pipeline/airflow_home/dags/browser_scrape_ingest_dag.py
[2025-04-29T18:24:46.765-0400] {processor.py:175} INFO - Processing /Users/zihaomo/pipeline/airflow_home/dags/browser_scrape_ingest_dag.py took 0.383 seconds
