[2025-04-29T17:46:23.690-0400] {processor.py:153} INFO - Started process (PID=36426) to work on /Users/zihaomo/pipeline/airflow_home/dags/opportunity_ingest_dag.py
[2025-04-29T17:46:23.703-0400] {processor.py:743} INFO - Processing file /Users/zihaomo/pipeline/airflow_home/dags/opportunity_ingest_dag.py for tasks to queue
[2025-04-29T17:46:23.703-0400] {logging_mixin.py:137} INFO - [2025-04-29T17:46:23.703-0400] {dagbag.py:538} INFO - Filling up the DagBag from /Users/zihaomo/pipeline/airflow_home/dags/opportunity_ingest_dag.py
[2025-04-29T17:46:23.858-0400] {processor.py:753} INFO - DAG(s) dict_keys(['opportunity_pipeline']) retrieved from /Users/zihaomo/pipeline/airflow_home/dags/opportunity_ingest_dag.py
[2025-04-29T17:46:24.209-0400] {logging_mixin.py:137} INFO - [2025-04-29T17:46:24.209-0400] {manager.py:504} INFO - Created Permission View: can delete on DAG:opportunity_pipeline
[2025-04-29T17:46:24.213-0400] {logging_mixin.py:137} INFO - [2025-04-29T17:46:24.212-0400] {manager.py:504} INFO - Created Permission View: can read on DAG:opportunity_pipeline
[2025-04-29T17:46:24.219-0400] {logging_mixin.py:137} INFO - [2025-04-29T17:46:24.219-0400] {manager.py:504} INFO - Created Permission View: can edit on DAG:opportunity_pipeline
[2025-04-29T17:46:24.219-0400] {logging_mixin.py:137} INFO - [2025-04-29T17:46:24.219-0400] {dag.py:2690} INFO - Sync 1 DAGs
[2025-04-29T17:46:24.223-0400] {logging_mixin.py:137} INFO - [2025-04-29T17:46:24.223-0400] {dag.py:2711} INFO - Creating ORM DAG for opportunity_pipeline
[2025-04-29T17:46:24.226-0400] {logging_mixin.py:137} INFO - [2025-04-29T17:46:24.226-0400] {dag.py:3437} INFO - Setting next_dagrun for opportunity_pipeline to 2025-04-29T20:00:00+00:00, run_after=2025-04-29T21:00:00+00:00
[2025-04-29T17:46:24.233-0400] {processor.py:175} INFO - Processing /Users/zihaomo/pipeline/airflow_home/dags/opportunity_ingest_dag.py took 0.543 seconds
[2025-04-29T17:46:56.677-0400] {processor.py:153} INFO - Started process (PID=36496) to work on /Users/zihaomo/pipeline/airflow_home/dags/opportunity_ingest_dag.py
[2025-04-29T17:46:56.691-0400] {processor.py:743} INFO - Processing file /Users/zihaomo/pipeline/airflow_home/dags/opportunity_ingest_dag.py for tasks to queue
[2025-04-29T17:46:56.691-0400] {logging_mixin.py:137} INFO - [2025-04-29T17:46:56.691-0400] {dagbag.py:538} INFO - Filling up the DagBag from /Users/zihaomo/pipeline/airflow_home/dags/opportunity_ingest_dag.py
[2025-04-29T17:46:56.839-0400] {processor.py:753} INFO - DAG(s) dict_keys(['opportunity_pipeline']) retrieved from /Users/zihaomo/pipeline/airflow_home/dags/opportunity_ingest_dag.py
[2025-04-29T17:46:57.138-0400] {logging_mixin.py:137} INFO - [2025-04-29T17:46:57.138-0400] {dag.py:2690} INFO - Sync 1 DAGs
[2025-04-29T17:46:57.145-0400] {logging_mixin.py:137} INFO - [2025-04-29T17:46:57.145-0400] {dag.py:3437} INFO - Setting next_dagrun for opportunity_pipeline to 2025-04-29T20:00:00+00:00, run_after=2025-04-29T21:00:00+00:00
[2025-04-29T17:46:57.153-0400] {processor.py:175} INFO - Processing /Users/zihaomo/pipeline/airflow_home/dags/opportunity_ingest_dag.py took 0.477 seconds
[2025-04-29T17:47:29.011-0400] {processor.py:153} INFO - Started process (PID=36553) to work on /Users/zihaomo/pipeline/airflow_home/dags/opportunity_ingest_dag.py
[2025-04-29T17:47:29.023-0400] {processor.py:743} INFO - Processing file /Users/zihaomo/pipeline/airflow_home/dags/opportunity_ingest_dag.py for tasks to queue
[2025-04-29T17:47:29.023-0400] {logging_mixin.py:137} INFO - [2025-04-29T17:47:29.023-0400] {dagbag.py:538} INFO - Filling up the DagBag from /Users/zihaomo/pipeline/airflow_home/dags/opportunity_ingest_dag.py
[2025-04-29T17:47:29.150-0400] {processor.py:753} INFO - DAG(s) dict_keys(['opportunity_pipeline']) retrieved from /Users/zihaomo/pipeline/airflow_home/dags/opportunity_ingest_dag.py
[2025-04-29T17:47:29.434-0400] {logging_mixin.py:137} INFO - [2025-04-29T17:47:29.434-0400] {dag.py:2690} INFO - Sync 1 DAGs
[2025-04-29T17:47:29.440-0400] {logging_mixin.py:137} INFO - [2025-04-29T17:47:29.440-0400] {dag.py:3437} INFO - Setting next_dagrun for opportunity_pipeline to 2025-04-29T20:00:00+00:00, run_after=2025-04-29T21:00:00+00:00
[2025-04-29T17:47:29.448-0400] {processor.py:175} INFO - Processing /Users/zihaomo/pipeline/airflow_home/dags/opportunity_ingest_dag.py took 0.438 seconds
[2025-04-29T17:48:00.191-0400] {processor.py:153} INFO - Started process (PID=36618) to work on /Users/zihaomo/pipeline/airflow_home/dags/opportunity_ingest_dag.py
[2025-04-29T17:48:00.205-0400] {processor.py:743} INFO - Processing file /Users/zihaomo/pipeline/airflow_home/dags/opportunity_ingest_dag.py for tasks to queue
[2025-04-29T17:48:00.205-0400] {logging_mixin.py:137} INFO - [2025-04-29T17:48:00.205-0400] {dagbag.py:538} INFO - Filling up the DagBag from /Users/zihaomo/pipeline/airflow_home/dags/opportunity_ingest_dag.py
[2025-04-29T17:48:00.324-0400] {processor.py:753} INFO - DAG(s) dict_keys(['opportunity_pipeline']) retrieved from /Users/zihaomo/pipeline/airflow_home/dags/opportunity_ingest_dag.py
[2025-04-29T17:48:00.601-0400] {logging_mixin.py:137} INFO - [2025-04-29T17:48:00.601-0400] {dag.py:2690} INFO - Sync 1 DAGs
[2025-04-29T17:48:00.608-0400] {logging_mixin.py:137} INFO - [2025-04-29T17:48:00.608-0400] {dag.py:3437} INFO - Setting next_dagrun for opportunity_pipeline to 2025-04-29T20:00:00+00:00, run_after=2025-04-29T21:00:00+00:00
[2025-04-29T17:48:00.621-0400] {processor.py:175} INFO - Processing /Users/zihaomo/pipeline/airflow_home/dags/opportunity_ingest_dag.py took 0.430 seconds
