[2025-04-29T17:24:41.771-0400] {taskinstance.py:1083} INFO - Dependencies all met for <TaskInstance: opportunity_pipeline.ingest_eventbrite manual__2025-04-28T22:30:24.414601+00:00 [queued]>
[2025-04-29T17:24:41.779-0400] {taskinstance.py:1083} INFO - Dependencies all met for <TaskInstance: opportunity_pipeline.ingest_eventbrite manual__2025-04-28T22:30:24.414601+00:00 [queued]>
[2025-04-29T17:24:41.779-0400] {taskinstance.py:1279} INFO - 
--------------------------------------------------------------------------------
[2025-04-29T17:24:41.779-0400] {taskinstance.py:1280} INFO - Starting attempt 1 of 2
[2025-04-29T17:24:41.779-0400] {taskinstance.py:1281} INFO - 
--------------------------------------------------------------------------------
[2025-04-29T17:24:41.791-0400] {taskinstance.py:1300} INFO - Executing <Task(PythonOperator): ingest_eventbrite> on 2025-04-28 22:30:24.414601+00:00
[2025-04-29T17:24:41.796-0400] {standard_task_runner.py:55} INFO - Started process 32539 to run task
[2025-04-29T17:24:41.800-0400] {standard_task_runner.py:82} INFO - Running: ['airflow', 'tasks', 'run', 'opportunity_pipeline', 'ingest_eventbrite', 'manual__2025-04-28T22:30:24.414601+00:00', '--job-id', '11', '--raw', '--subdir', 'DAGS_FOLDER/opportunity_ingest_dag.py', '--cfg-path', '/var/folders/bc/zt35hlqn755d7y9zj64rxxph0000gn/T/tmpcg2asrds']
[2025-04-29T17:24:41.803-0400] {standard_task_runner.py:83} INFO - Job 11: Subtask ingest_eventbrite
[2025-04-29T17:24:41.840-0400] {task_command.py:388} INFO - Running <TaskInstance: opportunity_pipeline.ingest_eventbrite manual__2025-04-28T22:30:24.414601+00:00 [running]> on host zihaos-macbook-pro.local
[2025-04-29T17:24:41.864-0400] {taskinstance.py:1507} INFO - Exporting the following env vars:
AIRFLOW_CTX_DAG_OWNER=you
AIRFLOW_CTX_DAG_ID=opportunity_pipeline
AIRFLOW_CTX_TASK_ID=ingest_eventbrite
AIRFLOW_CTX_EXECUTION_DATE=2025-04-28T22:30:24.414601+00:00
AIRFLOW_CTX_TRY_NUMBER=1
AIRFLOW_CTX_DAG_RUN_ID=manual__2025-04-28T22:30:24.414601+00:00
[2025-04-29T17:38:33.962-0400] {process_utils.py:129} INFO - Sending 15 to group 32539. PIDs of all processes in the group: [32539]
[2025-04-29T17:38:33.982-0400] {process_utils.py:84} INFO - Sending the signal 15 to group 32539
