[2025-04-29T17:43:09.949-0400] {taskinstance.py:1083} INFO - Dependencies all met for <TaskInstance: opportunity_pipeline.ingest_airtable scheduled__2025-04-28T21:00:00+00:00 [queued]>
[2025-04-29T17:43:09.953-0400] {taskinstance.py:1083} INFO - Dependencies all met for <TaskInstance: opportunity_pipeline.ingest_airtable scheduled__2025-04-28T21:00:00+00:00 [queued]>
[2025-04-29T17:43:09.953-0400] {taskinstance.py:1279} INFO - 
--------------------------------------------------------------------------------
[2025-04-29T17:43:09.954-0400] {taskinstance.py:1280} INFO - Starting attempt 4 of 2
[2025-04-29T17:43:09.954-0400] {taskinstance.py:1281} INFO - 
--------------------------------------------------------------------------------
[2025-04-29T17:43:09.959-0400] {taskinstance.py:1300} INFO - Executing <Task(PythonOperator): ingest_airtable> on 2025-04-28 21:00:00+00:00
[2025-04-29T17:43:09.965-0400] {standard_task_runner.py:55} INFO - Started process 35673 to run task
[2025-04-29T17:43:09.968-0400] {standard_task_runner.py:82} INFO - Running: ['airflow', 'tasks', 'run', 'opportunity_pipeline', 'ingest_airtable', 'scheduled__2025-04-28T21:00:00+00:00', '--job-id', '17', '--raw', '--subdir', 'DAGS_FOLDER/opportunity_ingest_dag.py', '--cfg-path', '/var/folders/bc/zt35hlqn755d7y9zj64rxxph0000gn/T/tmpiv51apjp']
[2025-04-29T17:43:09.972-0400] {standard_task_runner.py:83} INFO - Job 17: Subtask ingest_airtable
[2025-04-29T17:43:10.033-0400] {task_command.py:388} INFO - Running <TaskInstance: opportunity_pipeline.ingest_airtable scheduled__2025-04-28T21:00:00+00:00 [running]> on host zihaos-macbook-pro.local
[2025-04-29T17:43:10.064-0400] {taskinstance.py:1507} INFO - Exporting the following env vars:
AIRFLOW_CTX_DAG_OWNER=you
AIRFLOW_CTX_DAG_ID=opportunity_pipeline
AIRFLOW_CTX_TASK_ID=ingest_airtable
AIRFLOW_CTX_EXECUTION_DATE=2025-04-28T21:00:00+00:00
AIRFLOW_CTX_TRY_NUMBER=4
AIRFLOW_CTX_DAG_RUN_ID=scheduled__2025-04-28T21:00:00+00:00
[2025-04-29T17:43:12.521-0400] {process_utils.py:129} INFO - Sending 15 to group 35673. PIDs of all processes in the group: [35673]
[2025-04-29T17:43:12.522-0400] {process_utils.py:84} INFO - Sending the signal 15 to group 35673
