[2025-04-29T17:38:37.233-0400] {taskinstance.py:1083} INFO - Dependencies all met for <TaskInstance: opportunity_pipeline.ingest_airtable scheduled__2025-04-28T21:00:00+00:00 [queued]>
[2025-04-29T17:38:37.237-0400] {taskinstance.py:1083} INFO - Dependencies all met for <TaskInstance: opportunity_pipeline.ingest_airtable scheduled__2025-04-28T21:00:00+00:00 [queued]>
[2025-04-29T17:38:37.237-0400] {taskinstance.py:1279} INFO - 
--------------------------------------------------------------------------------
[2025-04-29T17:38:37.237-0400] {taskinstance.py:1280} INFO - Starting attempt 3 of 2
[2025-04-29T17:38:37.237-0400] {taskinstance.py:1281} INFO - 
--------------------------------------------------------------------------------
[2025-04-29T17:38:37.241-0400] {taskinstance.py:1300} INFO - Executing <Task(PythonOperator): ingest_airtable> on 2025-04-28 21:00:00+00:00
[2025-04-29T17:38:37.245-0400] {standard_task_runner.py:55} INFO - Started process 34639 to run task
[2025-04-29T17:38:37.248-0400] {standard_task_runner.py:82} INFO - Running: ['airflow', 'tasks', 'run', 'opportunity_pipeline', 'ingest_airtable', 'scheduled__2025-04-28T21:00:00+00:00', '--job-id', '13', '--raw', '--subdir', 'DAGS_FOLDER/opportunity_ingest_dag.py', '--cfg-path', '/var/folders/bc/zt35hlqn755d7y9zj64rxxph0000gn/T/tmpnyvxcvi_']
[2025-04-29T17:38:37.250-0400] {standard_task_runner.py:83} INFO - Job 13: Subtask ingest_airtable
[2025-04-29T17:38:37.279-0400] {task_command.py:388} INFO - Running <TaskInstance: opportunity_pipeline.ingest_airtable scheduled__2025-04-28T21:00:00+00:00 [running]> on host zihaos-macbook-pro.local
[2025-04-29T17:38:37.300-0400] {taskinstance.py:1507} INFO - Exporting the following env vars:
AIRFLOW_CTX_DAG_OWNER=you
AIRFLOW_CTX_DAG_ID=opportunity_pipeline
AIRFLOW_CTX_TASK_ID=ingest_airtable
AIRFLOW_CTX_EXECUTION_DATE=2025-04-28T21:00:00+00:00
AIRFLOW_CTX_TRY_NUMBER=3
AIRFLOW_CTX_DAG_RUN_ID=scheduled__2025-04-28T21:00:00+00:00
[2025-04-29T17:38:39.500-0400] {process_utils.py:129} INFO - Sending 15 to group 34639. PIDs of all processes in the group: [34639]
[2025-04-29T17:38:39.500-0400] {process_utils.py:84} INFO - Sending the signal 15 to group 34639
