[2025-04-29T17:23:51.096-0400] {taskinstance.py:1083} INFO - Dependencies all met for <TaskInstance: opportunity_pipeline.ingest_airtable scheduled__2025-04-28T21:00:00+00:00 [queued]>
[2025-04-29T17:23:51.100-0400] {taskinstance.py:1083} INFO - Dependencies all met for <TaskInstance: opportunity_pipeline.ingest_airtable scheduled__2025-04-28T21:00:00+00:00 [queued]>
[2025-04-29T17:23:51.100-0400] {taskinstance.py:1279} INFO - 
--------------------------------------------------------------------------------
[2025-04-29T17:23:51.100-0400] {taskinstance.py:1280} INFO - Starting attempt 2 of 2
[2025-04-29T17:23:51.100-0400] {taskinstance.py:1281} INFO - 
--------------------------------------------------------------------------------
[2025-04-29T17:23:51.104-0400] {taskinstance.py:1300} INFO - Executing <Task(PythonOperator): ingest_airtable> on 2025-04-28 21:00:00+00:00
[2025-04-29T17:23:51.108-0400] {standard_task_runner.py:55} INFO - Started process 32405 to run task
[2025-04-29T17:23:51.110-0400] {standard_task_runner.py:82} INFO - Running: ['airflow', 'tasks', 'run', 'opportunity_pipeline', 'ingest_airtable', 'scheduled__2025-04-28T21:00:00+00:00', '--job-id', '8', '--raw', '--subdir', 'DAGS_FOLDER/opportunity_ingest_dag.py', '--cfg-path', '/var/folders/bc/zt35hlqn755d7y9zj64rxxph0000gn/T/tmp08x60l79']
[2025-04-29T17:23:51.112-0400] {standard_task_runner.py:83} INFO - Job 8: Subtask ingest_airtable
[2025-04-29T17:23:51.140-0400] {task_command.py:388} INFO - Running <TaskInstance: opportunity_pipeline.ingest_airtable scheduled__2025-04-28T21:00:00+00:00 [running]> on host zihaos-macbook-pro.local
[2025-04-29T17:23:51.171-0400] {taskinstance.py:1507} INFO - Exporting the following env vars:
AIRFLOW_CTX_DAG_OWNER=you
AIRFLOW_CTX_DAG_ID=opportunity_pipeline
AIRFLOW_CTX_TASK_ID=ingest_airtable
AIRFLOW_CTX_EXECUTION_DATE=2025-04-28T21:00:00+00:00
AIRFLOW_CTX_TRY_NUMBER=2
AIRFLOW_CTX_DAG_RUN_ID=scheduled__2025-04-28T21:00:00+00:00
[2025-04-29T17:23:54.307-0400] {process_utils.py:129} INFO - Sending 15 to group 32405. PIDs of all processes in the group: [32405]
[2025-04-29T17:23:54.308-0400] {process_utils.py:84} INFO - Sending the signal 15 to group 32405
