[2025-04-29T18:32:59.091-0400] {taskinstance.py:1083} INFO - Dependencies all met for <TaskInstance: opportunity_pipeline.ingest_airtable scheduled__2025-04-29T20:00:00+00:00 [queued]>
[2025-04-29T18:32:59.096-0400] {taskinstance.py:1083} INFO - Dependencies all met for <TaskInstance: opportunity_pipeline.ingest_airtable scheduled__2025-04-29T20:00:00+00:00 [queued]>
[2025-04-29T18:32:59.096-0400] {taskinstance.py:1279} INFO - 
--------------------------------------------------------------------------------
[2025-04-29T18:32:59.096-0400] {taskinstance.py:1280} INFO - Starting attempt 2 of 2
[2025-04-29T18:32:59.096-0400] {taskinstance.py:1281} INFO - 
--------------------------------------------------------------------------------
[2025-04-29T18:32:59.109-0400] {taskinstance.py:1300} INFO - Executing <Task(PythonOperator): ingest_airtable> on 2025-04-29 20:00:00+00:00
[2025-04-29T18:32:59.115-0400] {standard_task_runner.py:55} INFO - Started process 42137 to run task
[2025-04-29T18:32:59.117-0400] {standard_task_runner.py:82} INFO - Running: ['airflow', 'tasks', 'run', 'opportunity_pipeline', 'ingest_airtable', 'scheduled__2025-04-29T20:00:00+00:00', '--job-id', '13', '--raw', '--subdir', 'DAGS_FOLDER/opportunity_ingest_dag.py', '--cfg-path', '/var/folders/bc/zt35hlqn755d7y9zj64rxxph0000gn/T/tmpoj_dn6ye']
[2025-04-29T18:32:59.119-0400] {standard_task_runner.py:83} INFO - Job 13: Subtask ingest_airtable
[2025-04-29T18:32:59.170-0400] {task_command.py:388} INFO - Running <TaskInstance: opportunity_pipeline.ingest_airtable scheduled__2025-04-29T20:00:00+00:00 [running]> on host zihaos-macbook-pro.local
[2025-04-29T18:32:59.200-0400] {taskinstance.py:1507} INFO - Exporting the following env vars:
AIRFLOW_CTX_DAG_OWNER=you
AIRFLOW_CTX_DAG_ID=opportunity_pipeline
AIRFLOW_CTX_TASK_ID=ingest_airtable
AIRFLOW_CTX_EXECUTION_DATE=2025-04-29T20:00:00+00:00
AIRFLOW_CTX_TRY_NUMBER=2
AIRFLOW_CTX_DAG_RUN_ID=scheduled__2025-04-29T20:00:00+00:00
[2025-04-29T18:34:07.404-0400] {process_utils.py:129} INFO - Sending 15 to group 42137. PIDs of all processes in the group: [42137]
[2025-04-29T18:34:07.405-0400] {process_utils.py:84} INFO - Sending the signal 15 to group 42137
[2025-04-29T18:34:12.985-0400] {taskinstance.py:1073} INFO - Dependencies not met for <TaskInstance: opportunity_pipeline.ingest_airtable scheduled__2025-04-29T20:00:00+00:00 [running]>, dependency 'Task Instance Not Running' FAILED: Task is in the running state
[2025-04-29T18:34:12.986-0400] {taskinstance.py:1073} INFO - Dependencies not met for <TaskInstance: opportunity_pipeline.ingest_airtable scheduled__2025-04-29T20:00:00+00:00 [running]>, dependency 'Task Instance State' FAILED: Task is in the 'running' state.
[2025-04-29T18:34:12.988-0400] {local_task_job.py:147} INFO - Task is not able to be run
