[2025-04-28T18:20:21.308-0400] {processor.py:153} INFO - Started process (PID=96862) to work on /Users/zihaomo/pipeline/.venv/lib/python3.11/site-packages/airflow/example_dags/example_time_delta_sensor_async.py
[2025-04-28T18:20:21.322-0400] {processor.py:743} INFO - Processing file /Users/zihaomo/pipeline/.venv/lib/python3.11/site-packages/airflow/example_dags/example_time_delta_sensor_async.py for tasks to queue
[2025-04-28T18:20:21.322-0400] {logging_mixin.py:137} INFO - [2025-04-28T18:20:21.322-0400] {dagbag.py:538} INFO - Filling up the DagBag from /Users/zihaomo/pipeline/.venv/lib/python3.11/site-packages/airflow/example_dags/example_time_delta_sensor_async.py
[2025-04-28T18:20:21.354-0400] {processor.py:753} INFO - DAG(s) dict_keys(['example_time_delta_sensor_async']) retrieved from /Users/zihaomo/pipeline/.venv/lib/python3.11/site-packages/airflow/example_dags/example_time_delta_sensor_async.py
[2025-04-28T18:20:22.175-0400] {logging_mixin.py:137} INFO - [2025-04-28T18:20:22.175-0400] {manager.py:504} INFO - Created Permission View: can read on DAG:example_time_delta_sensor_async
[2025-04-28T18:20:22.179-0400] {logging_mixin.py:137} INFO - [2025-04-28T18:20:22.179-0400] {manager.py:504} INFO - Created Permission View: can edit on DAG:example_time_delta_sensor_async
[2025-04-28T18:20:22.183-0400] {logging_mixin.py:137} INFO - [2025-04-28T18:20:22.183-0400] {manager.py:504} INFO - Created Permission View: can delete on DAG:example_time_delta_sensor_async
[2025-04-28T18:20:22.183-0400] {logging_mixin.py:137} INFO - [2025-04-28T18:20:22.183-0400] {dag.py:2690} INFO - Sync 1 DAGs
[2025-04-28T18:20:22.187-0400] {logging_mixin.py:137} INFO - [2025-04-28T18:20:22.187-0400] {dag.py:2711} INFO - Creating ORM DAG for example_time_delta_sensor_async
[2025-04-28T18:20:22.190-0400] {logging_mixin.py:137} INFO - [2025-04-28T18:20:22.190-0400] {dag.py:3437} INFO - Setting next_dagrun for example_time_delta_sensor_async to None, run_after=None
[2025-04-28T18:20:22.199-0400] {processor.py:175} INFO - Processing /Users/zihaomo/pipeline/.venv/lib/python3.11/site-packages/airflow/example_dags/example_time_delta_sensor_async.py took 0.891 seconds
[2025-04-28T18:21:49.422-0400] {processor.py:153} INFO - Started process (PID=97099) to work on /Users/zihaomo/pipeline/.venv/lib/python3.11/site-packages/airflow/example_dags/example_time_delta_sensor_async.py
[2025-04-28T18:21:49.441-0400] {processor.py:743} INFO - Processing file /Users/zihaomo/pipeline/.venv/lib/python3.11/site-packages/airflow/example_dags/example_time_delta_sensor_async.py for tasks to queue
[2025-04-28T18:21:49.441-0400] {logging_mixin.py:137} INFO - [2025-04-28T18:21:49.441-0400] {dagbag.py:538} INFO - Filling up the DagBag from /Users/zihaomo/pipeline/.venv/lib/python3.11/site-packages/airflow/example_dags/example_time_delta_sensor_async.py
[2025-04-28T18:21:49.464-0400] {processor.py:753} INFO - DAG(s) dict_keys(['example_time_delta_sensor_async']) retrieved from /Users/zihaomo/pipeline/.venv/lib/python3.11/site-packages/airflow/example_dags/example_time_delta_sensor_async.py
[2025-04-28T18:21:49.976-0400] {logging_mixin.py:137} INFO - [2025-04-28T18:21:49.976-0400] {dag.py:2690} INFO - Sync 1 DAGs
[2025-04-28T18:21:49.982-0400] {logging_mixin.py:137} INFO - [2025-04-28T18:21:49.982-0400] {dag.py:3437} INFO - Setting next_dagrun for example_time_delta_sensor_async to None, run_after=None
[2025-04-28T18:21:49.989-0400] {processor.py:175} INFO - Processing /Users/zihaomo/pipeline/.venv/lib/python3.11/site-packages/airflow/example_dags/example_time_delta_sensor_async.py took 0.568 seconds
[2025-04-28T18:22:45.474-0400] {processor.py:153} INFO - Started process (PID=97340) to work on /Users/zihaomo/pipeline/.venv/lib/python3.11/site-packages/airflow/example_dags/example_time_delta_sensor_async.py
[2025-04-28T18:22:45.485-0400] {processor.py:743} INFO - Processing file /Users/zihaomo/pipeline/.venv/lib/python3.11/site-packages/airflow/example_dags/example_time_delta_sensor_async.py for tasks to queue
[2025-04-28T18:22:45.485-0400] {logging_mixin.py:137} INFO - [2025-04-28T18:22:45.485-0400] {dagbag.py:538} INFO - Filling up the DagBag from /Users/zihaomo/pipeline/.venv/lib/python3.11/site-packages/airflow/example_dags/example_time_delta_sensor_async.py
[2025-04-28T18:22:45.504-0400] {processor.py:753} INFO - DAG(s) dict_keys(['example_time_delta_sensor_async']) retrieved from /Users/zihaomo/pipeline/.venv/lib/python3.11/site-packages/airflow/example_dags/example_time_delta_sensor_async.py
[2025-04-28T18:22:45.991-0400] {logging_mixin.py:137} INFO - [2025-04-28T18:22:45.991-0400] {dag.py:2690} INFO - Sync 1 DAGs
[2025-04-28T18:22:45.997-0400] {logging_mixin.py:137} INFO - [2025-04-28T18:22:45.997-0400] {dag.py:3437} INFO - Setting next_dagrun for example_time_delta_sensor_async to None, run_after=None
[2025-04-28T18:22:46.004-0400] {processor.py:175} INFO - Processing /Users/zihaomo/pipeline/.venv/lib/python3.11/site-packages/airflow/example_dags/example_time_delta_sensor_async.py took 0.531 seconds
