[2025-04-28T18:20:18.459-0400] {processor.py:153} INFO - Started process (PID=96859) to work on /Users/zihaomo/pipeline/.venv/lib/python3.11/site-packages/airflow/example_dags/example_trigger_controller_dag.py
[2025-04-28T18:20:18.474-0400] {processor.py:743} INFO - Processing file /Users/zihaomo/pipeline/.venv/lib/python3.11/site-packages/airflow/example_dags/example_trigger_controller_dag.py for tasks to queue
[2025-04-28T18:20:18.474-0400] {logging_mixin.py:137} INFO - [2025-04-28T18:20:18.474-0400] {dagbag.py:538} INFO - Filling up the DagBag from /Users/zihaomo/pipeline/.venv/lib/python3.11/site-packages/airflow/example_dags/example_trigger_controller_dag.py
[2025-04-28T18:20:18.489-0400] {processor.py:753} INFO - DAG(s) dict_keys(['example_trigger_controller_dag']) retrieved from /Users/zihaomo/pipeline/.venv/lib/python3.11/site-packages/airflow/example_dags/example_trigger_controller_dag.py
[2025-04-28T18:20:19.126-0400] {logging_mixin.py:137} INFO - [2025-04-28T18:20:19.125-0400] {manager.py:504} INFO - Created Permission View: can edit on DAG:example_trigger_controller_dag
[2025-04-28T18:20:19.130-0400] {logging_mixin.py:137} INFO - [2025-04-28T18:20:19.130-0400] {manager.py:504} INFO - Created Permission View: can read on DAG:example_trigger_controller_dag
[2025-04-28T18:20:19.133-0400] {logging_mixin.py:137} INFO - [2025-04-28T18:20:19.133-0400] {manager.py:504} INFO - Created Permission View: can delete on DAG:example_trigger_controller_dag
[2025-04-28T18:20:19.133-0400] {logging_mixin.py:137} INFO - [2025-04-28T18:20:19.133-0400] {dag.py:2690} INFO - Sync 1 DAGs
[2025-04-28T18:20:19.139-0400] {logging_mixin.py:137} INFO - [2025-04-28T18:20:19.139-0400] {dag.py:2711} INFO - Creating ORM DAG for example_trigger_controller_dag
[2025-04-28T18:20:19.142-0400] {logging_mixin.py:137} INFO - [2025-04-28T18:20:19.142-0400] {dag.py:3437} INFO - Setting next_dagrun for example_trigger_controller_dag to 2021-01-01T00:00:00+00:00, run_after=2021-01-01T00:00:00+00:00
[2025-04-28T18:20:19.151-0400] {processor.py:175} INFO - Processing /Users/zihaomo/pipeline/.venv/lib/python3.11/site-packages/airflow/example_dags/example_trigger_controller_dag.py took 0.693 seconds
[2025-04-28T18:21:47.280-0400] {processor.py:153} INFO - Started process (PID=97090) to work on /Users/zihaomo/pipeline/.venv/lib/python3.11/site-packages/airflow/example_dags/example_trigger_controller_dag.py
[2025-04-28T18:21:47.293-0400] {processor.py:743} INFO - Processing file /Users/zihaomo/pipeline/.venv/lib/python3.11/site-packages/airflow/example_dags/example_trigger_controller_dag.py for tasks to queue
[2025-04-28T18:21:47.294-0400] {logging_mixin.py:137} INFO - [2025-04-28T18:21:47.294-0400] {dagbag.py:538} INFO - Filling up the DagBag from /Users/zihaomo/pipeline/.venv/lib/python3.11/site-packages/airflow/example_dags/example_trigger_controller_dag.py
[2025-04-28T18:21:47.304-0400] {processor.py:753} INFO - DAG(s) dict_keys(['example_trigger_controller_dag']) retrieved from /Users/zihaomo/pipeline/.venv/lib/python3.11/site-packages/airflow/example_dags/example_trigger_controller_dag.py
[2025-04-28T18:21:47.762-0400] {logging_mixin.py:137} INFO - [2025-04-28T18:21:47.762-0400] {dag.py:2690} INFO - Sync 1 DAGs
[2025-04-28T18:21:47.768-0400] {logging_mixin.py:137} INFO - [2025-04-28T18:21:47.768-0400] {dag.py:3437} INFO - Setting next_dagrun for example_trigger_controller_dag to 2021-01-01T00:00:00+00:00, run_after=2021-01-01T00:00:00+00:00
[2025-04-28T18:21:47.777-0400] {processor.py:175} INFO - Processing /Users/zihaomo/pipeline/.venv/lib/python3.11/site-packages/airflow/example_dags/example_trigger_controller_dag.py took 0.497 seconds
[2025-04-28T18:22:43.286-0400] {processor.py:153} INFO - Started process (PID=97330) to work on /Users/zihaomo/pipeline/.venv/lib/python3.11/site-packages/airflow/example_dags/example_trigger_controller_dag.py
[2025-04-28T18:22:43.301-0400] {processor.py:743} INFO - Processing file /Users/zihaomo/pipeline/.venv/lib/python3.11/site-packages/airflow/example_dags/example_trigger_controller_dag.py for tasks to queue
[2025-04-28T18:22:43.301-0400] {logging_mixin.py:137} INFO - [2025-04-28T18:22:43.301-0400] {dagbag.py:538} INFO - Filling up the DagBag from /Users/zihaomo/pipeline/.venv/lib/python3.11/site-packages/airflow/example_dags/example_trigger_controller_dag.py
[2025-04-28T18:22:43.314-0400] {processor.py:753} INFO - DAG(s) dict_keys(['example_trigger_controller_dag']) retrieved from /Users/zihaomo/pipeline/.venv/lib/python3.11/site-packages/airflow/example_dags/example_trigger_controller_dag.py
[2025-04-28T18:22:43.794-0400] {logging_mixin.py:137} INFO - [2025-04-28T18:22:43.794-0400] {dag.py:2690} INFO - Sync 1 DAGs
[2025-04-28T18:22:43.801-0400] {logging_mixin.py:137} INFO - [2025-04-28T18:22:43.801-0400] {dag.py:3437} INFO - Setting next_dagrun for example_trigger_controller_dag to 2021-01-01T00:00:00+00:00, run_after=2021-01-01T00:00:00+00:00
[2025-04-28T18:22:43.811-0400] {processor.py:175} INFO - Processing /Users/zihaomo/pipeline/.venv/lib/python3.11/site-packages/airflow/example_dags/example_trigger_controller_dag.py took 0.525 seconds
