[2025-04-28T18:20:16.945-0400] {processor.py:153} INFO - Started process (PID=96855) to work on /Users/zihaomo/pipeline/.venv/lib/python3.11/site-packages/airflow/example_dags/example_trigger_target_dag.py
[2025-04-28T18:20:16.957-0400] {processor.py:743} INFO - Processing file /Users/zihaomo/pipeline/.venv/lib/python3.11/site-packages/airflow/example_dags/example_trigger_target_dag.py for tasks to queue
[2025-04-28T18:20:16.958-0400] {logging_mixin.py:137} INFO - [2025-04-28T18:20:16.958-0400] {dagbag.py:538} INFO - Filling up the DagBag from /Users/zihaomo/pipeline/.venv/lib/python3.11/site-packages/airflow/example_dags/example_trigger_target_dag.py
[2025-04-28T18:20:16.988-0400] {processor.py:753} INFO - DAG(s) dict_keys(['example_trigger_target_dag']) retrieved from /Users/zihaomo/pipeline/.venv/lib/python3.11/site-packages/airflow/example_dags/example_trigger_target_dag.py
[2025-04-28T18:20:17.526-0400] {logging_mixin.py:137} INFO - [2025-04-28T18:20:17.526-0400] {manager.py:504} INFO - Created Permission View: can edit on DAG:example_trigger_target_dag
[2025-04-28T18:20:17.530-0400] {logging_mixin.py:137} INFO - [2025-04-28T18:20:17.530-0400] {manager.py:504} INFO - Created Permission View: can delete on DAG:example_trigger_target_dag
[2025-04-28T18:20:17.533-0400] {logging_mixin.py:137} INFO - [2025-04-28T18:20:17.533-0400] {manager.py:504} INFO - Created Permission View: can read on DAG:example_trigger_target_dag
[2025-04-28T18:20:17.533-0400] {logging_mixin.py:137} INFO - [2025-04-28T18:20:17.533-0400] {dag.py:2690} INFO - Sync 1 DAGs
[2025-04-28T18:20:17.538-0400] {logging_mixin.py:137} INFO - [2025-04-28T18:20:17.538-0400] {dag.py:2711} INFO - Creating ORM DAG for example_trigger_target_dag
[2025-04-28T18:20:17.541-0400] {logging_mixin.py:137} INFO - [2025-04-28T18:20:17.541-0400] {dag.py:3437} INFO - Setting next_dagrun for example_trigger_target_dag to None, run_after=None
[2025-04-28T18:20:17.549-0400] {processor.py:175} INFO - Processing /Users/zihaomo/pipeline/.venv/lib/python3.11/site-packages/airflow/example_dags/example_trigger_target_dag.py took 0.604 seconds
[2025-04-28T18:21:45.709-0400] {processor.py:153} INFO - Started process (PID=97088) to work on /Users/zihaomo/pipeline/.venv/lib/python3.11/site-packages/airflow/example_dags/example_trigger_target_dag.py
[2025-04-28T18:21:45.723-0400] {processor.py:743} INFO - Processing file /Users/zihaomo/pipeline/.venv/lib/python3.11/site-packages/airflow/example_dags/example_trigger_target_dag.py for tasks to queue
[2025-04-28T18:21:45.724-0400] {logging_mixin.py:137} INFO - [2025-04-28T18:21:45.724-0400] {dagbag.py:538} INFO - Filling up the DagBag from /Users/zihaomo/pipeline/.venv/lib/python3.11/site-packages/airflow/example_dags/example_trigger_target_dag.py
[2025-04-28T18:21:45.752-0400] {processor.py:753} INFO - DAG(s) dict_keys(['example_trigger_target_dag']) retrieved from /Users/zihaomo/pipeline/.venv/lib/python3.11/site-packages/airflow/example_dags/example_trigger_target_dag.py
[2025-04-28T18:21:46.207-0400] {logging_mixin.py:137} INFO - [2025-04-28T18:21:46.206-0400] {dag.py:2690} INFO - Sync 1 DAGs
[2025-04-28T18:21:46.214-0400] {logging_mixin.py:137} INFO - [2025-04-28T18:21:46.214-0400] {dag.py:3437} INFO - Setting next_dagrun for example_trigger_target_dag to None, run_after=None
[2025-04-28T18:21:46.223-0400] {processor.py:175} INFO - Processing /Users/zihaomo/pipeline/.venv/lib/python3.11/site-packages/airflow/example_dags/example_trigger_target_dag.py took 0.514 seconds
[2025-04-28T18:22:41.306-0400] {processor.py:153} INFO - Started process (PID=97327) to work on /Users/zihaomo/pipeline/.venv/lib/python3.11/site-packages/airflow/example_dags/example_trigger_target_dag.py
[2025-04-28T18:22:41.322-0400] {processor.py:743} INFO - Processing file /Users/zihaomo/pipeline/.venv/lib/python3.11/site-packages/airflow/example_dags/example_trigger_target_dag.py for tasks to queue
[2025-04-28T18:22:41.322-0400] {logging_mixin.py:137} INFO - [2025-04-28T18:22:41.322-0400] {dagbag.py:538} INFO - Filling up the DagBag from /Users/zihaomo/pipeline/.venv/lib/python3.11/site-packages/airflow/example_dags/example_trigger_target_dag.py
[2025-04-28T18:22:41.346-0400] {processor.py:753} INFO - DAG(s) dict_keys(['example_trigger_target_dag']) retrieved from /Users/zihaomo/pipeline/.venv/lib/python3.11/site-packages/airflow/example_dags/example_trigger_target_dag.py
[2025-04-28T18:22:41.788-0400] {logging_mixin.py:137} INFO - [2025-04-28T18:22:41.788-0400] {dag.py:2690} INFO - Sync 1 DAGs
[2025-04-28T18:22:41.794-0400] {logging_mixin.py:137} INFO - [2025-04-28T18:22:41.794-0400] {dag.py:3437} INFO - Setting next_dagrun for example_trigger_target_dag to None, run_after=None
[2025-04-28T18:22:41.802-0400] {processor.py:175} INFO - Processing /Users/zihaomo/pipeline/.venv/lib/python3.11/site-packages/airflow/example_dags/example_trigger_target_dag.py took 0.496 seconds
