[2025-04-28T18:20:11.986-0400] {processor.py:153} INFO - Started process (PID=96845) to work on /Users/zihaomo/pipeline/.venv/lib/python3.11/site-packages/airflow/example_dags/example_xcomargs.py
[2025-04-28T18:20:12.002-0400] {processor.py:743} INFO - Processing file /Users/zihaomo/pipeline/.venv/lib/python3.11/site-packages/airflow/example_dags/example_xcomargs.py for tasks to queue
[2025-04-28T18:20:12.002-0400] {logging_mixin.py:137} INFO - [2025-04-28T18:20:12.002-0400] {dagbag.py:538} INFO - Filling up the DagBag from /Users/zihaomo/pipeline/.venv/lib/python3.11/site-packages/airflow/example_dags/example_xcomargs.py
[2025-04-28T18:20:12.029-0400] {processor.py:753} INFO - DAG(s) dict_keys(['example_xcom_args', 'example_xcom_args_with_operators']) retrieved from /Users/zihaomo/pipeline/.venv/lib/python3.11/site-packages/airflow/example_dags/example_xcomargs.py
[2025-04-28T18:20:12.582-0400] {logging_mixin.py:137} INFO - [2025-04-28T18:20:12.582-0400] {manager.py:504} INFO - Created Permission View: can delete on DAG:example_xcom_args
[2025-04-28T18:20:12.591-0400] {logging_mixin.py:137} INFO - [2025-04-28T18:20:12.591-0400] {manager.py:504} INFO - Created Permission View: can read on DAG:example_xcom_args
[2025-04-28T18:20:12.598-0400] {logging_mixin.py:137} INFO - [2025-04-28T18:20:12.598-0400] {manager.py:504} INFO - Created Permission View: can edit on DAG:example_xcom_args
[2025-04-28T18:20:12.609-0400] {logging_mixin.py:137} INFO - [2025-04-28T18:20:12.609-0400] {manager.py:504} INFO - Created Permission View: can delete on DAG:example_xcom_args_with_operators
[2025-04-28T18:20:12.615-0400] {logging_mixin.py:137} INFO - [2025-04-28T18:20:12.615-0400] {manager.py:504} INFO - Created Permission View: can read on DAG:example_xcom_args_with_operators
[2025-04-28T18:20:12.620-0400] {logging_mixin.py:137} INFO - [2025-04-28T18:20:12.620-0400] {manager.py:504} INFO - Created Permission View: can edit on DAG:example_xcom_args_with_operators
[2025-04-28T18:20:12.620-0400] {logging_mixin.py:137} INFO - [2025-04-28T18:20:12.620-0400] {dag.py:2690} INFO - Sync 2 DAGs
[2025-04-28T18:20:12.625-0400] {logging_mixin.py:137} INFO - [2025-04-28T18:20:12.625-0400] {dag.py:2711} INFO - Creating ORM DAG for example_xcom_args_with_operators
[2025-04-28T18:20:12.625-0400] {logging_mixin.py:137} INFO - [2025-04-28T18:20:12.625-0400] {dag.py:2711} INFO - Creating ORM DAG for example_xcom_args
[2025-04-28T18:20:12.628-0400] {logging_mixin.py:137} INFO - [2025-04-28T18:20:12.628-0400] {dag.py:3437} INFO - Setting next_dagrun for example_xcom_args to None, run_after=None
[2025-04-28T18:20:12.628-0400] {logging_mixin.py:137} INFO - [2025-04-28T18:20:12.628-0400] {dag.py:3437} INFO - Setting next_dagrun for example_xcom_args_with_operators to None, run_after=None
[2025-04-28T18:20:12.637-0400] {processor.py:175} INFO - Processing /Users/zihaomo/pipeline/.venv/lib/python3.11/site-packages/airflow/example_dags/example_xcomargs.py took 0.651 seconds
[2025-04-28T18:21:41.495-0400] {processor.py:153} INFO - Started process (PID=97078) to work on /Users/zihaomo/pipeline/.venv/lib/python3.11/site-packages/airflow/example_dags/example_xcomargs.py
[2025-04-28T18:21:41.508-0400] {processor.py:743} INFO - Processing file /Users/zihaomo/pipeline/.venv/lib/python3.11/site-packages/airflow/example_dags/example_xcomargs.py for tasks to queue
[2025-04-28T18:21:41.508-0400] {logging_mixin.py:137} INFO - [2025-04-28T18:21:41.508-0400] {dagbag.py:538} INFO - Filling up the DagBag from /Users/zihaomo/pipeline/.venv/lib/python3.11/site-packages/airflow/example_dags/example_xcomargs.py
[2025-04-28T18:21:41.532-0400] {processor.py:753} INFO - DAG(s) dict_keys(['example_xcom_args_with_operators', 'example_xcom_args']) retrieved from /Users/zihaomo/pipeline/.venv/lib/python3.11/site-packages/airflow/example_dags/example_xcomargs.py
[2025-04-28T18:21:41.963-0400] {logging_mixin.py:137} INFO - [2025-04-28T18:21:41.963-0400] {dag.py:2690} INFO - Sync 2 DAGs
[2025-04-28T18:21:41.969-0400] {logging_mixin.py:137} INFO - [2025-04-28T18:21:41.969-0400] {dag.py:3437} INFO - Setting next_dagrun for example_xcom_args to None, run_after=None
[2025-04-28T18:21:41.969-0400] {logging_mixin.py:137} INFO - [2025-04-28T18:21:41.969-0400] {dag.py:3437} INFO - Setting next_dagrun for example_xcom_args_with_operators to None, run_after=None
[2025-04-28T18:21:41.983-0400] {processor.py:175} INFO - Processing /Users/zihaomo/pipeline/.venv/lib/python3.11/site-packages/airflow/example_dags/example_xcomargs.py took 0.489 seconds
[2025-04-28T18:22:37.007-0400] {processor.py:153} INFO - Started process (PID=97314) to work on /Users/zihaomo/pipeline/.venv/lib/python3.11/site-packages/airflow/example_dags/example_xcomargs.py
[2025-04-28T18:22:37.023-0400] {processor.py:743} INFO - Processing file /Users/zihaomo/pipeline/.venv/lib/python3.11/site-packages/airflow/example_dags/example_xcomargs.py for tasks to queue
[2025-04-28T18:22:37.023-0400] {logging_mixin.py:137} INFO - [2025-04-28T18:22:37.023-0400] {dagbag.py:538} INFO - Filling up the DagBag from /Users/zihaomo/pipeline/.venv/lib/python3.11/site-packages/airflow/example_dags/example_xcomargs.py
[2025-04-28T18:22:37.047-0400] {processor.py:753} INFO - DAG(s) dict_keys(['example_xcom_args', 'example_xcom_args_with_operators']) retrieved from /Users/zihaomo/pipeline/.venv/lib/python3.11/site-packages/airflow/example_dags/example_xcomargs.py
[2025-04-28T18:22:37.495-0400] {logging_mixin.py:137} INFO - [2025-04-28T18:22:37.495-0400] {dag.py:2690} INFO - Sync 2 DAGs
[2025-04-28T18:22:37.502-0400] {logging_mixin.py:137} INFO - [2025-04-28T18:22:37.502-0400] {dag.py:3437} INFO - Setting next_dagrun for example_xcom_args to None, run_after=None
[2025-04-28T18:22:37.503-0400] {logging_mixin.py:137} INFO - [2025-04-28T18:22:37.503-0400] {dag.py:3437} INFO - Setting next_dagrun for example_xcom_args_with_operators to None, run_after=None
[2025-04-28T18:22:37.514-0400] {processor.py:175} INFO - Processing /Users/zihaomo/pipeline/.venv/lib/python3.11/site-packages/airflow/example_dags/example_xcomargs.py took 0.507 seconds
