[2025-04-28T18:21:22.290-0400] {processor.py:153} INFO - Started process (PID=97040) to work on /Users/zihaomo/pipeline/.venv/lib/python3.11/site-packages/airflow/example_dags/example_branch_datetime_operator.py
[2025-04-28T18:21:22.321-0400] {processor.py:743} INFO - Processing file /Users/zihaomo/pipeline/.venv/lib/python3.11/site-packages/airflow/example_dags/example_branch_datetime_operator.py for tasks to queue
[2025-04-28T18:21:22.321-0400] {logging_mixin.py:137} INFO - [2025-04-28T18:21:22.321-0400] {dagbag.py:538} INFO - Filling up the DagBag from /Users/zihaomo/pipeline/.venv/lib/python3.11/site-packages/airflow/example_dags/example_branch_datetime_operator.py
[2025-04-28T18:21:22.340-0400] {processor.py:753} INFO - DAG(s) dict_keys(['example_branch_datetime_operator', 'example_branch_datetime_operator_3', 'example_branch_datetime_operator_2']) retrieved from /Users/zihaomo/pipeline/.venv/lib/python3.11/site-packages/airflow/example_dags/example_branch_datetime_operator.py
[2025-04-28T18:21:22.892-0400] {logging_mixin.py:137} INFO - [2025-04-28T18:21:22.892-0400] {manager.py:504} INFO - Created Permission View: can delete on DAG:example_branch_datetime_operator
[2025-04-28T18:21:22.896-0400] {logging_mixin.py:137} INFO - [2025-04-28T18:21:22.896-0400] {manager.py:504} INFO - Created Permission View: can read on DAG:example_branch_datetime_operator
[2025-04-28T18:21:22.899-0400] {logging_mixin.py:137} INFO - [2025-04-28T18:21:22.899-0400] {manager.py:504} INFO - Created Permission View: can edit on DAG:example_branch_datetime_operator
[2025-04-28T18:21:22.909-0400] {logging_mixin.py:137} INFO - [2025-04-28T18:21:22.909-0400] {manager.py:504} INFO - Created Permission View: can delete on DAG:example_branch_datetime_operator_3
[2025-04-28T18:21:22.912-0400] {logging_mixin.py:137} INFO - [2025-04-28T18:21:22.912-0400] {manager.py:504} INFO - Created Permission View: can read on DAG:example_branch_datetime_operator_3
[2025-04-28T18:21:22.915-0400] {logging_mixin.py:137} INFO - [2025-04-28T18:21:22.915-0400] {manager.py:504} INFO - Created Permission View: can edit on DAG:example_branch_datetime_operator_3
[2025-04-28T18:21:22.920-0400] {logging_mixin.py:137} INFO - [2025-04-28T18:21:22.920-0400] {manager.py:504} INFO - Created Permission View: can delete on DAG:example_branch_datetime_operator_2
[2025-04-28T18:21:22.923-0400] {logging_mixin.py:137} INFO - [2025-04-28T18:21:22.923-0400] {manager.py:504} INFO - Created Permission View: can read on DAG:example_branch_datetime_operator_2
[2025-04-28T18:21:22.926-0400] {logging_mixin.py:137} INFO - [2025-04-28T18:21:22.926-0400] {manager.py:504} INFO - Created Permission View: can edit on DAG:example_branch_datetime_operator_2
[2025-04-28T18:21:22.926-0400] {logging_mixin.py:137} INFO - [2025-04-28T18:21:22.926-0400] {dag.py:2690} INFO - Sync 3 DAGs
[2025-04-28T18:21:22.931-0400] {logging_mixin.py:137} INFO - [2025-04-28T18:21:22.931-0400] {dag.py:2711} INFO - Creating ORM DAG for example_branch_datetime_operator_3
[2025-04-28T18:21:22.931-0400] {logging_mixin.py:137} INFO - [2025-04-28T18:21:22.931-0400] {dag.py:2711} INFO - Creating ORM DAG for example_branch_datetime_operator_2
[2025-04-28T18:21:22.931-0400] {logging_mixin.py:137} INFO - [2025-04-28T18:21:22.931-0400] {dag.py:2711} INFO - Creating ORM DAG for example_branch_datetime_operator
[2025-04-28T18:21:22.934-0400] {logging_mixin.py:137} INFO - [2025-04-28T18:21:22.934-0400] {dag.py:3437} INFO - Setting next_dagrun for example_branch_datetime_operator to 2025-04-27T00:00:00+00:00, run_after=2025-04-28T00:00:00+00:00
[2025-04-28T18:21:22.935-0400] {logging_mixin.py:137} INFO - [2025-04-28T18:21:22.935-0400] {dag.py:3437} INFO - Setting next_dagrun for example_branch_datetime_operator_2 to 2025-04-27T00:00:00+00:00, run_after=2025-04-28T00:00:00+00:00
[2025-04-28T18:21:22.935-0400] {logging_mixin.py:137} INFO - [2025-04-28T18:21:22.935-0400] {dag.py:3437} INFO - Setting next_dagrun for example_branch_datetime_operator_3 to 2025-04-27T00:00:00+00:00, run_after=2025-04-28T00:00:00+00:00
[2025-04-28T18:21:22.942-0400] {processor.py:175} INFO - Processing /Users/zihaomo/pipeline/.venv/lib/python3.11/site-packages/airflow/example_dags/example_branch_datetime_operator.py took 0.652 seconds
