[2025-04-28T18:21:07.127-0400] {processor.py:153} INFO - Started process (PID=96995) to work on /Users/zihaomo/pipeline/.venv/lib/python3.11/site-packages/airflow/example_dags/example_dag_decorator.py
[2025-04-28T18:21:07.147-0400] {processor.py:743} INFO - Processing file /Users/zihaomo/pipeline/.venv/lib/python3.11/site-packages/airflow/example_dags/example_dag_decorator.py for tasks to queue
[2025-04-28T18:21:07.147-0400] {logging_mixin.py:137} INFO - [2025-04-28T18:21:07.147-0400] {dagbag.py:538} INFO - Filling up the DagBag from /Users/zihaomo/pipeline/.venv/lib/python3.11/site-packages/airflow/example_dags/example_dag_decorator.py
[2025-04-28T18:21:07.277-0400] {logging_mixin.py:137} INFO - [2025-04-28T18:21:07.277-0400] {taskmixin.py:205} WARNING - Dependency <Task(_PythonDecoratedOperator): prepare_email>, send_email already registered for DAG: example_dag_decorator
[2025-04-28T18:21:07.277-0400] {logging_mixin.py:137} INFO - [2025-04-28T18:21:07.277-0400] {taskmixin.py:205} WARNING - Dependency <Task(EmailOperator): send_email>, prepare_email already registered for DAG: example_dag_decorator
[2025-04-28T18:21:07.321-0400] {processor.py:753} INFO - DAG(s) dict_keys(['example_dag_decorator']) retrieved from /Users/zihaomo/pipeline/.venv/lib/python3.11/site-packages/airflow/example_dags/example_dag_decorator.py
[2025-04-28T18:21:07.761-0400] {logging_mixin.py:137} INFO - [2025-04-28T18:21:07.761-0400] {manager.py:504} INFO - Created Permission View: can delete on DAG:example_dag_decorator
[2025-04-28T18:21:07.765-0400] {logging_mixin.py:137} INFO - [2025-04-28T18:21:07.765-0400] {manager.py:504} INFO - Created Permission View: can edit on DAG:example_dag_decorator
[2025-04-28T18:21:07.767-0400] {logging_mixin.py:137} INFO - [2025-04-28T18:21:07.767-0400] {manager.py:504} INFO - Created Permission View: can read on DAG:example_dag_decorator
[2025-04-28T18:21:07.768-0400] {logging_mixin.py:137} INFO - [2025-04-28T18:21:07.768-0400] {dag.py:2690} INFO - Sync 1 DAGs
[2025-04-28T18:21:07.772-0400] {logging_mixin.py:137} INFO - [2025-04-28T18:21:07.772-0400] {dag.py:2711} INFO - Creating ORM DAG for example_dag_decorator
[2025-04-28T18:21:07.774-0400] {logging_mixin.py:137} INFO - [2025-04-28T18:21:07.774-0400] {dag.py:3437} INFO - Setting next_dagrun for example_dag_decorator to None, run_after=None
[2025-04-28T18:21:07.782-0400] {processor.py:175} INFO - Processing /Users/zihaomo/pipeline/.venv/lib/python3.11/site-packages/airflow/example_dags/example_dag_decorator.py took 0.656 seconds
[2025-04-28T18:22:56.812-0400] {processor.py:153} INFO - Started process (PID=97368) to work on /Users/zihaomo/pipeline/.venv/lib/python3.11/site-packages/airflow/example_dags/example_dag_decorator.py
[2025-04-28T18:22:56.828-0400] {processor.py:743} INFO - Processing file /Users/zihaomo/pipeline/.venv/lib/python3.11/site-packages/airflow/example_dags/example_dag_decorator.py for tasks to queue
[2025-04-28T18:22:56.828-0400] {logging_mixin.py:137} INFO - [2025-04-28T18:22:56.828-0400] {dagbag.py:538} INFO - Filling up the DagBag from /Users/zihaomo/pipeline/.venv/lib/python3.11/site-packages/airflow/example_dags/example_dag_decorator.py
[2025-04-28T18:22:56.926-0400] {logging_mixin.py:137} INFO - [2025-04-28T18:22:56.926-0400] {taskmixin.py:205} WARNING - Dependency <Task(_PythonDecoratedOperator): prepare_email>, send_email already registered for DAG: example_dag_decorator
[2025-04-28T18:22:56.926-0400] {logging_mixin.py:137} INFO - [2025-04-28T18:22:56.926-0400] {taskmixin.py:205} WARNING - Dependency <Task(EmailOperator): send_email>, prepare_email already registered for DAG: example_dag_decorator
[2025-04-28T18:22:56.956-0400] {processor.py:753} INFO - DAG(s) dict_keys(['example_dag_decorator']) retrieved from /Users/zihaomo/pipeline/.venv/lib/python3.11/site-packages/airflow/example_dags/example_dag_decorator.py
[2025-04-28T18:22:57.293-0400] {logging_mixin.py:137} INFO - [2025-04-28T18:22:57.293-0400] {dag.py:2690} INFO - Sync 1 DAGs
[2025-04-28T18:22:57.298-0400] {logging_mixin.py:137} INFO - [2025-04-28T18:22:57.298-0400] {dag.py:3437} INFO - Setting next_dagrun for example_dag_decorator to None, run_after=None
[2025-04-28T18:22:57.307-0400] {processor.py:175} INFO - Processing /Users/zihaomo/pipeline/.venv/lib/python3.11/site-packages/airflow/example_dags/example_dag_decorator.py took 0.495 seconds
