[2025-04-28T18:20:59.358-0400] {processor.py:153} INFO - Started process (PID=96971) to work on /Users/zihaomo/pipeline/.venv/lib/python3.11/site-packages/airflow/example_dags/example_external_task_marker_dag.py
[2025-04-28T18:20:59.365-0400] {processor.py:743} INFO - Processing file /Users/zihaomo/pipeline/.venv/lib/python3.11/site-packages/airflow/example_dags/example_external_task_marker_dag.py for tasks to queue
[2025-04-28T18:20:59.366-0400] {logging_mixin.py:137} INFO - [2025-04-28T18:20:59.365-0400] {dagbag.py:538} INFO - Filling up the DagBag from /Users/zihaomo/pipeline/.venv/lib/python3.11/site-packages/airflow/example_dags/example_external_task_marker_dag.py
[2025-04-28T18:20:59.468-0400] {processor.py:753} INFO - DAG(s) dict_keys(['example_external_task_marker_parent', 'example_external_task_marker_child']) retrieved from /Users/zihaomo/pipeline/.venv/lib/python3.11/site-packages/airflow/example_dags/example_external_task_marker_dag.py
[2025-04-28T18:21:00.114-0400] {logging_mixin.py:137} INFO - [2025-04-28T18:21:00.113-0400] {manager.py:504} INFO - Created Permission View: can delete on DAG:example_external_task_marker_parent
[2025-04-28T18:21:00.118-0400] {logging_mixin.py:137} INFO - [2025-04-28T18:21:00.118-0400] {manager.py:504} INFO - Created Permission View: can edit on DAG:example_external_task_marker_parent
[2025-04-28T18:21:00.122-0400] {logging_mixin.py:137} INFO - [2025-04-28T18:21:00.122-0400] {manager.py:504} INFO - Created Permission View: can read on DAG:example_external_task_marker_parent
[2025-04-28T18:21:00.215-0400] {logging_mixin.py:137} INFO - [2025-04-28T18:21:00.215-0400] {manager.py:504} INFO - Created Permission View: can delete on DAG:example_external_task_marker_child
[2025-04-28T18:21:00.218-0400] {logging_mixin.py:137} INFO - [2025-04-28T18:21:00.218-0400] {manager.py:504} INFO - Created Permission View: can edit on DAG:example_external_task_marker_child
[2025-04-28T18:21:00.221-0400] {logging_mixin.py:137} INFO - [2025-04-28T18:21:00.221-0400] {manager.py:504} INFO - Created Permission View: can read on DAG:example_external_task_marker_child
[2025-04-28T18:21:00.221-0400] {logging_mixin.py:137} INFO - [2025-04-28T18:21:00.221-0400] {dag.py:2690} INFO - Sync 2 DAGs
[2025-04-28T18:21:00.225-0400] {logging_mixin.py:137} INFO - [2025-04-28T18:21:00.225-0400] {dag.py:2711} INFO - Creating ORM DAG for example_external_task_marker_parent
[2025-04-28T18:21:00.225-0400] {logging_mixin.py:137} INFO - [2025-04-28T18:21:00.225-0400] {dag.py:2711} INFO - Creating ORM DAG for example_external_task_marker_child
[2025-04-28T18:21:00.228-0400] {logging_mixin.py:137} INFO - [2025-04-28T18:21:00.228-0400] {dag.py:3437} INFO - Setting next_dagrun for example_external_task_marker_child to None, run_after=None
[2025-04-28T18:21:00.228-0400] {logging_mixin.py:137} INFO - [2025-04-28T18:21:00.228-0400] {dag.py:3437} INFO - Setting next_dagrun for example_external_task_marker_parent to None, run_after=None
[2025-04-28T18:21:00.238-0400] {processor.py:175} INFO - Processing /Users/zihaomo/pipeline/.venv/lib/python3.11/site-packages/airflow/example_dags/example_external_task_marker_dag.py took 0.882 seconds
[2025-04-28T18:22:49.476-0400] {processor.py:153} INFO - Started process (PID=97344) to work on /Users/zihaomo/pipeline/.venv/lib/python3.11/site-packages/airflow/example_dags/example_external_task_marker_dag.py
[2025-04-28T18:22:49.489-0400] {processor.py:743} INFO - Processing file /Users/zihaomo/pipeline/.venv/lib/python3.11/site-packages/airflow/example_dags/example_external_task_marker_dag.py for tasks to queue
[2025-04-28T18:22:49.489-0400] {logging_mixin.py:137} INFO - [2025-04-28T18:22:49.489-0400] {dagbag.py:538} INFO - Filling up the DagBag from /Users/zihaomo/pipeline/.venv/lib/python3.11/site-packages/airflow/example_dags/example_external_task_marker_dag.py
[2025-04-28T18:22:49.501-0400] {processor.py:753} INFO - DAG(s) dict_keys(['example_external_task_marker_parent', 'example_external_task_marker_child']) retrieved from /Users/zihaomo/pipeline/.venv/lib/python3.11/site-packages/airflow/example_dags/example_external_task_marker_dag.py
[2025-04-28T18:22:50.026-0400] {logging_mixin.py:137} INFO - [2025-04-28T18:22:50.026-0400] {dag.py:2690} INFO - Sync 2 DAGs
[2025-04-28T18:22:50.031-0400] {logging_mixin.py:137} INFO - [2025-04-28T18:22:50.031-0400] {dag.py:3437} INFO - Setting next_dagrun for example_external_task_marker_child to None, run_after=None
[2025-04-28T18:22:50.032-0400] {logging_mixin.py:137} INFO - [2025-04-28T18:22:50.032-0400] {dag.py:3437} INFO - Setting next_dagrun for example_external_task_marker_parent to None, run_after=None
[2025-04-28T18:22:50.039-0400] {processor.py:175} INFO - Processing /Users/zihaomo/pipeline/.venv/lib/python3.11/site-packages/airflow/example_dags/example_external_task_marker_dag.py took 0.564 seconds
