[2025-04-28T18:20:28.373-0400] {processor.py:153} INFO - Started process (PID=96880) to work on /Users/zihaomo/pipeline/.venv/lib/python3.11/site-packages/airflow/example_dags/example_subdag_operator.py
[2025-04-28T18:20:28.385-0400] {processor.py:743} INFO - Processing file /Users/zihaomo/pipeline/.venv/lib/python3.11/site-packages/airflow/example_dags/example_subdag_operator.py for tasks to queue
[2025-04-28T18:20:28.385-0400] {logging_mixin.py:137} INFO - [2025-04-28T18:20:28.385-0400] {dagbag.py:538} INFO - Filling up the DagBag from /Users/zihaomo/pipeline/.venv/lib/python3.11/site-packages/airflow/example_dags/example_subdag_operator.py
[2025-04-28T18:20:28.988-0400] {processor.py:753} INFO - DAG(s) dict_keys(['example_subdag_operator.section-1', 'example_subdag_operator.section-2', 'example_subdag_operator']) retrieved from /Users/zihaomo/pipeline/.venv/lib/python3.11/site-packages/airflow/example_dags/example_subdag_operator.py
[2025-04-28T18:20:29.121-0400] {logging_mixin.py:137} INFO - [2025-04-28T18:20:29.120-0400] {manager.py:504} INFO - Created Permission View: can read on DAG:example_subdag_operator
[2025-04-28T18:20:29.125-0400] {logging_mixin.py:137} INFO - [2025-04-28T18:20:29.125-0400] {manager.py:504} INFO - Created Permission View: can edit on DAG:example_subdag_operator
[2025-04-28T18:20:29.129-0400] {logging_mixin.py:137} INFO - [2025-04-28T18:20:29.129-0400] {manager.py:504} INFO - Created Permission View: can delete on DAG:example_subdag_operator
[2025-04-28T18:20:29.129-0400] {logging_mixin.py:137} INFO - [2025-04-28T18:20:29.129-0400] {dag.py:2690} INFO - Sync 3 DAGs
[2025-04-28T18:20:29.134-0400] {logging_mixin.py:137} INFO - [2025-04-28T18:20:29.133-0400] {dag.py:2711} INFO - Creating ORM DAG for example_subdag_operator.section-1
[2025-04-28T18:20:29.134-0400] {logging_mixin.py:137} INFO - [2025-04-28T18:20:29.134-0400] {dag.py:2711} INFO - Creating ORM DAG for example_subdag_operator
[2025-04-28T18:20:29.134-0400] {logging_mixin.py:137} INFO - [2025-04-28T18:20:29.134-0400] {dag.py:2711} INFO - Creating ORM DAG for example_subdag_operator.section-2
[2025-04-28T18:20:29.137-0400] {logging_mixin.py:137} INFO - [2025-04-28T18:20:29.137-0400] {dag.py:3437} INFO - Setting next_dagrun for example_subdag_operator to 2022-01-01T00:00:00+00:00, run_after=2022-01-01T00:00:00+00:00
[2025-04-28T18:20:29.137-0400] {logging_mixin.py:137} INFO - [2025-04-28T18:20:29.137-0400] {dag.py:3437} INFO - Setting next_dagrun for example_subdag_operator.section-1 to None, run_after=None
[2025-04-28T18:20:29.137-0400] {logging_mixin.py:137} INFO - [2025-04-28T18:20:29.137-0400] {dag.py:3437} INFO - Setting next_dagrun for example_subdag_operator.section-2 to None, run_after=None
[2025-04-28T18:20:29.140-0400] {logging_mixin.py:137} INFO - [2025-04-28T18:20:29.140-0400] {dag.py:2690} INFO - Sync 2 DAGs
[2025-04-28T18:20:29.142-0400] {logging_mixin.py:137} INFO - [2025-04-28T18:20:29.142-0400] {dag.py:3437} INFO - Setting next_dagrun for example_subdag_operator.section-1 to None, run_after=None
[2025-04-28T18:20:29.143-0400] {logging_mixin.py:137} INFO - [2025-04-28T18:20:29.143-0400] {dag.py:3437} INFO - Setting next_dagrun for example_subdag_operator.section-2 to None, run_after=None
[2025-04-28T18:20:29.150-0400] {processor.py:175} INFO - Processing /Users/zihaomo/pipeline/.venv/lib/python3.11/site-packages/airflow/example_dags/example_subdag_operator.py took 0.777 seconds
[2025-04-28T18:21:56.395-0400] {processor.py:153} INFO - Started process (PID=97109) to work on /Users/zihaomo/pipeline/.venv/lib/python3.11/site-packages/airflow/example_dags/example_subdag_operator.py
[2025-04-28T18:21:56.411-0400] {processor.py:743} INFO - Processing file /Users/zihaomo/pipeline/.venv/lib/python3.11/site-packages/airflow/example_dags/example_subdag_operator.py for tasks to queue
[2025-04-28T18:21:56.411-0400] {logging_mixin.py:137} INFO - [2025-04-28T18:21:56.411-0400] {dagbag.py:538} INFO - Filling up the DagBag from /Users/zihaomo/pipeline/.venv/lib/python3.11/site-packages/airflow/example_dags/example_subdag_operator.py
[2025-04-28T18:21:56.855-0400] {processor.py:753} INFO - DAG(s) dict_keys(['example_subdag_operator.section-1', 'example_subdag_operator.section-2', 'example_subdag_operator']) retrieved from /Users/zihaomo/pipeline/.venv/lib/python3.11/site-packages/airflow/example_dags/example_subdag_operator.py
[2025-04-28T18:21:56.946-0400] {logging_mixin.py:137} INFO - [2025-04-28T18:21:56.946-0400] {dag.py:2690} INFO - Sync 3 DAGs
[2025-04-28T18:21:56.952-0400] {logging_mixin.py:137} INFO - [2025-04-28T18:21:56.952-0400] {dag.py:3437} INFO - Setting next_dagrun for example_subdag_operator to 2022-01-01T00:00:00+00:00, run_after=2022-01-01T00:00:00+00:00
[2025-04-28T18:21:56.953-0400] {logging_mixin.py:137} INFO - [2025-04-28T18:21:56.953-0400] {dag.py:3437} INFO - Setting next_dagrun for example_subdag_operator.section-1 to None, run_after=None
[2025-04-28T18:21:56.953-0400] {logging_mixin.py:137} INFO - [2025-04-28T18:21:56.953-0400] {dag.py:3437} INFO - Setting next_dagrun for example_subdag_operator.section-2 to None, run_after=None
[2025-04-28T18:21:56.956-0400] {logging_mixin.py:137} INFO - [2025-04-28T18:21:56.956-0400] {dag.py:2690} INFO - Sync 2 DAGs
[2025-04-28T18:21:56.957-0400] {logging_mixin.py:137} INFO - [2025-04-28T18:21:56.957-0400] {dag.py:3437} INFO - Setting next_dagrun for example_subdag_operator.section-1 to None, run_after=None
[2025-04-28T18:21:56.957-0400] {logging_mixin.py:137} INFO - [2025-04-28T18:21:56.957-0400] {dag.py:3437} INFO - Setting next_dagrun for example_subdag_operator.section-2 to None, run_after=None
[2025-04-28T18:21:56.964-0400] {processor.py:175} INFO - Processing /Users/zihaomo/pipeline/.venv/lib/python3.11/site-packages/airflow/example_dags/example_subdag_operator.py took 0.569 seconds
