[2025-04-28T18:20:42.862-0400] {processor.py:153} INFO - Started process (PID=96943) to work on /Users/zihaomo/pipeline/.venv/lib/python3.11/site-packages/airflow/example_dags/example_python_operator.py
[2025-04-28T18:20:42.875-0400] {processor.py:743} INFO - Processing file /Users/zihaomo/pipeline/.venv/lib/python3.11/site-packages/airflow/example_dags/example_python_operator.py for tasks to queue
[2025-04-28T18:20:42.875-0400] {logging_mixin.py:137} INFO - [2025-04-28T18:20:42.875-0400] {dagbag.py:538} INFO - Filling up the DagBag from /Users/zihaomo/pipeline/.venv/lib/python3.11/site-packages/airflow/example_dags/example_python_operator.py
[2025-04-28T18:20:42.896-0400] {logging_mixin.py:137} INFO - [2025-04-28T18:20:42.896-0400] {taskmixin.py:205} WARNING - Dependency <Task(_PythonDecoratedOperator): print_the_context>, log_sql_query already registered for DAG: example_python_operator
[2025-04-28T18:20:42.896-0400] {logging_mixin.py:137} INFO - [2025-04-28T18:20:42.896-0400] {taskmixin.py:205} WARNING - Dependency <Task(_PythonDecoratedOperator): log_sql_query>, print_the_context already registered for DAG: example_python_operator
[2025-04-28T18:20:42.896-0400] {logging_mixin.py:137} INFO - [2025-04-28T18:20:42.896-0400] {taskmixin.py:205} WARNING - Dependency <Task(_PythonDecoratedOperator): print_the_context>, log_sql_query already registered for DAG: example_python_operator
[2025-04-28T18:20:42.896-0400] {logging_mixin.py:137} INFO - [2025-04-28T18:20:42.896-0400] {taskmixin.py:205} WARNING - Dependency <Task(_PythonDecoratedOperator): log_sql_query>, print_the_context already registered for DAG: example_python_operator
[2025-04-28T18:20:42.896-0400] {logging_mixin.py:137} INFO - [2025-04-28T18:20:42.896-0400] {taskmixin.py:205} WARNING - Dependency <Task(_PythonDecoratedOperator): print_the_context>, log_sql_query already registered for DAG: example_python_operator
[2025-04-28T18:20:42.896-0400] {logging_mixin.py:137} INFO - [2025-04-28T18:20:42.896-0400] {taskmixin.py:205} WARNING - Dependency <Task(_PythonDecoratedOperator): log_sql_query>, print_the_context already registered for DAG: example_python_operator
[2025-04-28T18:20:42.896-0400] {logging_mixin.py:137} INFO - [2025-04-28T18:20:42.896-0400] {taskmixin.py:205} WARNING - Dependency <Task(_PythonDecoratedOperator): print_the_context>, log_sql_query already registered for DAG: example_python_operator
[2025-04-28T18:20:42.896-0400] {logging_mixin.py:137} INFO - [2025-04-28T18:20:42.896-0400] {taskmixin.py:205} WARNING - Dependency <Task(_PythonDecoratedOperator): log_sql_query>, print_the_context already registered for DAG: example_python_operator
[2025-04-28T18:20:42.897-0400] {logging_mixin.py:137} INFO - [2025-04-28T18:20:42.897-0400] {example_python_operator.py:90} WARNING - The virtalenv_python example task requires virtualenv, please install it.
[2025-04-28T18:20:42.900-0400] {processor.py:753} INFO - DAG(s) dict_keys(['example_python_operator']) retrieved from /Users/zihaomo/pipeline/.venv/lib/python3.11/site-packages/airflow/example_dags/example_python_operator.py
[2025-04-28T18:20:43.464-0400] {logging_mixin.py:137} INFO - [2025-04-28T18:20:43.464-0400] {manager.py:504} INFO - Created Permission View: can read on DAG:example_python_operator
[2025-04-28T18:20:43.468-0400] {logging_mixin.py:137} INFO - [2025-04-28T18:20:43.468-0400] {manager.py:504} INFO - Created Permission View: can edit on DAG:example_python_operator
[2025-04-28T18:20:43.473-0400] {logging_mixin.py:137} INFO - [2025-04-28T18:20:43.473-0400] {manager.py:504} INFO - Created Permission View: can delete on DAG:example_python_operator
[2025-04-28T18:20:43.473-0400] {logging_mixin.py:137} INFO - [2025-04-28T18:20:43.473-0400] {dag.py:2690} INFO - Sync 1 DAGs
[2025-04-28T18:20:43.477-0400] {logging_mixin.py:137} INFO - [2025-04-28T18:20:43.477-0400] {dag.py:2711} INFO - Creating ORM DAG for example_python_operator
[2025-04-28T18:20:43.480-0400] {logging_mixin.py:137} INFO - [2025-04-28T18:20:43.480-0400] {dag.py:3437} INFO - Setting next_dagrun for example_python_operator to None, run_after=None
[2025-04-28T18:20:43.488-0400] {processor.py:175} INFO - Processing /Users/zihaomo/pipeline/.venv/lib/python3.11/site-packages/airflow/example_dags/example_python_operator.py took 0.627 seconds
[2025-04-28T18:22:11.633-0400] {processor.py:153} INFO - Started process (PID=97156) to work on /Users/zihaomo/pipeline/.venv/lib/python3.11/site-packages/airflow/example_dags/example_python_operator.py
[2025-04-28T18:22:11.649-0400] {processor.py:743} INFO - Processing file /Users/zihaomo/pipeline/.venv/lib/python3.11/site-packages/airflow/example_dags/example_python_operator.py for tasks to queue
[2025-04-28T18:22:11.649-0400] {logging_mixin.py:137} INFO - [2025-04-28T18:22:11.649-0400] {dagbag.py:538} INFO - Filling up the DagBag from /Users/zihaomo/pipeline/.venv/lib/python3.11/site-packages/airflow/example_dags/example_python_operator.py
[2025-04-28T18:22:11.670-0400] {logging_mixin.py:137} INFO - [2025-04-28T18:22:11.670-0400] {taskmixin.py:205} WARNING - Dependency <Task(_PythonDecoratedOperator): print_the_context>, log_sql_query already registered for DAG: example_python_operator
[2025-04-28T18:22:11.670-0400] {logging_mixin.py:137} INFO - [2025-04-28T18:22:11.670-0400] {taskmixin.py:205} WARNING - Dependency <Task(_PythonDecoratedOperator): log_sql_query>, print_the_context already registered for DAG: example_python_operator
[2025-04-28T18:22:11.670-0400] {logging_mixin.py:137} INFO - [2025-04-28T18:22:11.670-0400] {taskmixin.py:205} WARNING - Dependency <Task(_PythonDecoratedOperator): print_the_context>, log_sql_query already registered for DAG: example_python_operator
[2025-04-28T18:22:11.670-0400] {logging_mixin.py:137} INFO - [2025-04-28T18:22:11.670-0400] {taskmixin.py:205} WARNING - Dependency <Task(_PythonDecoratedOperator): log_sql_query>, print_the_context already registered for DAG: example_python_operator
[2025-04-28T18:22:11.670-0400] {logging_mixin.py:137} INFO - [2025-04-28T18:22:11.670-0400] {taskmixin.py:205} WARNING - Dependency <Task(_PythonDecoratedOperator): print_the_context>, log_sql_query already registered for DAG: example_python_operator
[2025-04-28T18:22:11.670-0400] {logging_mixin.py:137} INFO - [2025-04-28T18:22:11.670-0400] {taskmixin.py:205} WARNING - Dependency <Task(_PythonDecoratedOperator): log_sql_query>, print_the_context already registered for DAG: example_python_operator
[2025-04-28T18:22:11.670-0400] {logging_mixin.py:137} INFO - [2025-04-28T18:22:11.670-0400] {taskmixin.py:205} WARNING - Dependency <Task(_PythonDecoratedOperator): print_the_context>, log_sql_query already registered for DAG: example_python_operator
[2025-04-28T18:22:11.670-0400] {logging_mixin.py:137} INFO - [2025-04-28T18:22:11.670-0400] {taskmixin.py:205} WARNING - Dependency <Task(_PythonDecoratedOperator): log_sql_query>, print_the_context already registered for DAG: example_python_operator
[2025-04-28T18:22:11.671-0400] {logging_mixin.py:137} INFO - [2025-04-28T18:22:11.671-0400] {example_python_operator.py:90} WARNING - The virtalenv_python example task requires virtualenv, please install it.
[2025-04-28T18:22:11.676-0400] {processor.py:753} INFO - DAG(s) dict_keys(['example_python_operator']) retrieved from /Users/zihaomo/pipeline/.venv/lib/python3.11/site-packages/airflow/example_dags/example_python_operator.py
[2025-04-28T18:22:12.167-0400] {logging_mixin.py:137} INFO - [2025-04-28T18:22:12.167-0400] {dag.py:2690} INFO - Sync 1 DAGs
[2025-04-28T18:22:12.174-0400] {logging_mixin.py:137} INFO - [2025-04-28T18:22:12.173-0400] {dag.py:3437} INFO - Setting next_dagrun for example_python_operator to None, run_after=None
[2025-04-28T18:22:12.183-0400] {processor.py:175} INFO - Processing /Users/zihaomo/pipeline/.venv/lib/python3.11/site-packages/airflow/example_dags/example_python_operator.py took 0.551 seconds
