[2025-04-28T18:20:14.470-0400] {processor.py:153} INFO - Started process (PID=96847) to work on /Users/zihaomo/pipeline/.venv/lib/python3.11/site-packages/airflow/example_dags/example_xcom.py
[2025-04-28T18:20:14.485-0400] {processor.py:743} INFO - Processing file /Users/zihaomo/pipeline/.venv/lib/python3.11/site-packages/airflow/example_dags/example_xcom.py for tasks to queue
[2025-04-28T18:20:14.485-0400] {logging_mixin.py:137} INFO - [2025-04-28T18:20:14.485-0400] {dagbag.py:538} INFO - Filling up the DagBag from /Users/zihaomo/pipeline/.venv/lib/python3.11/site-packages/airflow/example_dags/example_xcom.py
[2025-04-28T18:20:14.519-0400] {processor.py:753} INFO - DAG(s) dict_keys(['example_xcom']) retrieved from /Users/zihaomo/pipeline/.venv/lib/python3.11/site-packages/airflow/example_dags/example_xcom.py
[2025-04-28T18:20:15.065-0400] {logging_mixin.py:137} INFO - [2025-04-28T18:20:15.065-0400] {manager.py:504} INFO - Created Permission View: can delete on DAG:example_xcom
[2025-04-28T18:20:15.069-0400] {logging_mixin.py:137} INFO - [2025-04-28T18:20:15.068-0400] {manager.py:504} INFO - Created Permission View: can read on DAG:example_xcom
[2025-04-28T18:20:15.074-0400] {logging_mixin.py:137} INFO - [2025-04-28T18:20:15.074-0400] {manager.py:504} INFO - Created Permission View: can edit on DAG:example_xcom
[2025-04-28T18:20:15.074-0400] {logging_mixin.py:137} INFO - [2025-04-28T18:20:15.074-0400] {dag.py:2690} INFO - Sync 1 DAGs
[2025-04-28T18:20:15.081-0400] {logging_mixin.py:137} INFO - [2025-04-28T18:20:15.081-0400] {dag.py:2711} INFO - Creating ORM DAG for example_xcom
[2025-04-28T18:20:15.084-0400] {logging_mixin.py:137} INFO - [2025-04-28T18:20:15.084-0400] {dag.py:3437} INFO - Setting next_dagrun for example_xcom to 2021-01-01T00:00:00+00:00, run_after=2021-01-01T00:00:00+00:00
[2025-04-28T18:20:15.103-0400] {processor.py:175} INFO - Processing /Users/zihaomo/pipeline/.venv/lib/python3.11/site-packages/airflow/example_dags/example_xcom.py took 0.633 seconds
[2025-04-28T18:21:43.426-0400] {processor.py:153} INFO - Started process (PID=97081) to work on /Users/zihaomo/pipeline/.venv/lib/python3.11/site-packages/airflow/example_dags/example_xcom.py
[2025-04-28T18:21:43.439-0400] {processor.py:743} INFO - Processing file /Users/zihaomo/pipeline/.venv/lib/python3.11/site-packages/airflow/example_dags/example_xcom.py for tasks to queue
[2025-04-28T18:21:43.439-0400] {logging_mixin.py:137} INFO - [2025-04-28T18:21:43.439-0400] {dagbag.py:538} INFO - Filling up the DagBag from /Users/zihaomo/pipeline/.venv/lib/python3.11/site-packages/airflow/example_dags/example_xcom.py
[2025-04-28T18:21:43.462-0400] {processor.py:753} INFO - DAG(s) dict_keys(['example_xcom']) retrieved from /Users/zihaomo/pipeline/.venv/lib/python3.11/site-packages/airflow/example_dags/example_xcom.py
[2025-04-28T18:21:43.942-0400] {logging_mixin.py:137} INFO - [2025-04-28T18:21:43.942-0400] {dag.py:2690} INFO - Sync 1 DAGs
[2025-04-28T18:21:43.948-0400] {logging_mixin.py:137} INFO - [2025-04-28T18:21:43.948-0400] {dag.py:3437} INFO - Setting next_dagrun for example_xcom to 2021-01-01T00:00:00+00:00, run_after=2021-01-01T00:00:00+00:00
[2025-04-28T18:21:43.958-0400] {processor.py:175} INFO - Processing /Users/zihaomo/pipeline/.venv/lib/python3.11/site-packages/airflow/example_dags/example_xcom.py took 0.532 seconds
[2025-04-28T18:22:39.145-0400] {processor.py:153} INFO - Started process (PID=97316) to work on /Users/zihaomo/pipeline/.venv/lib/python3.11/site-packages/airflow/example_dags/example_xcom.py
[2025-04-28T18:22:39.156-0400] {processor.py:743} INFO - Processing file /Users/zihaomo/pipeline/.venv/lib/python3.11/site-packages/airflow/example_dags/example_xcom.py for tasks to queue
[2025-04-28T18:22:39.156-0400] {logging_mixin.py:137} INFO - [2025-04-28T18:22:39.156-0400] {dagbag.py:538} INFO - Filling up the DagBag from /Users/zihaomo/pipeline/.venv/lib/python3.11/site-packages/airflow/example_dags/example_xcom.py
[2025-04-28T18:22:39.180-0400] {processor.py:753} INFO - DAG(s) dict_keys(['example_xcom']) retrieved from /Users/zihaomo/pipeline/.venv/lib/python3.11/site-packages/airflow/example_dags/example_xcom.py
[2025-04-28T18:22:39.647-0400] {logging_mixin.py:137} INFO - [2025-04-28T18:22:39.647-0400] {dag.py:2690} INFO - Sync 1 DAGs
[2025-04-28T18:22:39.653-0400] {logging_mixin.py:137} INFO - [2025-04-28T18:22:39.653-0400] {dag.py:3437} INFO - Setting next_dagrun for example_xcom to 2021-01-01T00:00:00+00:00, run_after=2021-01-01T00:00:00+00:00
[2025-04-28T18:22:39.662-0400] {processor.py:175} INFO - Processing /Users/zihaomo/pipeline/.venv/lib/python3.11/site-packages/airflow/example_dags/example_xcom.py took 0.517 seconds
